The system is: Darwin - 10.8.0 - i386
Compiling the C compiler identification source file "CMakeCCompilerId.c" succeeded.
Compiler: /usr/bin/gcc 
Build flags: 
Id flags: 

The output was:
0


Compilation of the C compiler identification source "CMakeCCompilerId.c" produced "a.out"

The C compiler identification is GNU, found in "/Users/security/mtclient/CMakeFiles/CompilerIdC/a.out"

Compiling the CXX compiler identification source file "CMakeCXXCompilerId.cpp" succeeded.
Compiler: /usr/bin/g++ 
Build flags: 
Id flags: 

The output was:
0


Compilation of the CXX compiler identification source "CMakeCXXCompilerId.cpp" produced "a.out"

The CXX compiler identification is GNU, found in "/Users/security/mtclient/CMakeFiles/CompilerIdCXX/a.out"

Determining if the C compiler works passed with the following output:
Change Dir: /Users/security/mtclient/CMakeFiles/CMakeTmp

Run Build Command:/opt/local/bin/cmakexbuild -project CMAKE_TRY_COMPILE.xcodeproj build -target cmTryCompileExec2502055787 -configuration Debug

=== BUILD NATIVE TARGET cmTryCompileExec2502055787 OF PROJECT CMAKE_TRY_COMPILE WITH CONFIGURATION Debug ===
Check dependencies
CompileC CMAKE_TRY_COMPILE.build/Debug/cmTryCompileExec2502055787.build/Objects-normal/x86_64/testCCompiler.o testCCompiler.c normal x86_64 c com.apple.compilers.gcc.4_2
    cd /Users/security/mtclient/CMakeFiles/CMakeTmp
    /Developer/usr/bin/gcc-4.2 -x c -arch x86_64 -fmessage-length=0 -pipe -Wno-trigraphs -fpascal-strings -fasm-blocks -O0 -mdynamic-no-pic -DCMAKE_INTDIR="Debug" -isysroot /Developer/SDKs/MacOSX10.6.sdk -mmacosx-version-min=10.6 -gdwarf-2 -Wmost -Wno-four-char-constants -Wno-unknown-pragmas -F/Users/security/mtclient/CMakeFiles/CMakeTmp/Debug -I/Users/security/mtclient/CMakeFiles/CMakeTmp/Debug/include -I/Users/security/mtclient/CMakeFiles/CMakeTmp/CMAKE_TRY_COMPILE.build/Debug/cmTryCompileExec2502055787.build/DerivedSources/x86_64 -I/Users/security/mtclient/CMakeFiles/CMakeTmp/CMAKE_TRY_COMPILE.build/Debug/cmTryCompileExec2502055787.build/DerivedSources -c /Users/security/mtclient/CMakeFiles/CMakeTmp/testCCompiler.c -o /Users/security/mtclient/CMakeFiles/CMakeTmp/CMAKE_TRY_COMPILE.build/Debug/cmTryCompileExec2502055787.build/Objects-normal/x86_64/testCCompiler.o

Ld Debug/cmTryCompileExec2502055787 normal x86_64
    cd /Users/security/mtclient/CMakeFiles/CMakeTmp
    /Developer/usr/bin/gcc-4.2 -arch x86_64 -isysroot /Developer/SDKs/MacOSX10.6.sdk -L/Users/security/mtclient/CMakeFiles/CMakeTmp/Debug -F/Users/security/mtclient/CMakeFiles/CMakeTmp/Debug -filelist /Users/security/mtclient/CMakeFiles/CMakeTmp/CMAKE_TRY_COMPILE.build/Debug/cmTryCompileExec2502055787.build/Objects-normal/x86_64/cmTryCompileExec2502055787.LinkFileList -mmacosx-version-min=10.6 -Wl,-search_paths_first -Wl,-headerpad_max_install_names -o /Users/security/mtclient/CMakeFiles/CMakeTmp/Debug/cmTryCompileExec2502055787

PhaseScriptExecution "CMake PostBuild Rules" CMAKE_TRY_COMPILE.build/Debug/cmTryCompileExec2502055787.build/Script-BB5BA574AAC8444DA1227669.sh
    cd /Users/security/mtclient/CMakeFiles/CMakeTmp
    /bin/sh -c /Users/security/mtclient/CMakeFiles/CMakeTmp/CMAKE_TRY_COMPILE.build/Debug/cmTryCompileExec2502055787.build/Script-BB5BA574AAC8444DA1227669.sh

echo "Depend check for xcode"
Depend check for xcode
cd /Users/security/mtclient/CMakeFiles/CMakeTmp && make -C /Users/security/mtclient/CMakeFiles/CMakeTmp -f /Users/security/mtclient/CMakeFiles/CMakeTmp/CMakeScripts/XCODE_DEPEND_HELPER.make PostBuild.cmTryCompileExec2502055787.Debug
make[1]: Nothing to be done for `PostBuild.cmTryCompileExec2502055787.Debug'.
** BUILD SUCCEEDED **



Detecting C compiler ABI info compiled with the following output:
Change Dir: /Users/security/mtclient/CMakeFiles/CMakeTmp

Run Build Command:/opt/local/bin/cmakexbuild -project CMAKE_TRY_COMPILE.xcodeproj build -target cmTryCompileExec1590943040 -configuration Debug

=== BUILD NATIVE TARGET cmTryCompileExec1590943040 OF PROJECT CMAKE_TRY_COMPILE WITH CONFIGURATION Debug ===
Check dependencies
CompileC CMAKE_TRY_COMPILE.build/Debug/cmTryCompileExec1590943040.build/Objects-normal/x86_64/CMakeCCompilerABI.o ../../../../../opt/local/share/cmake-2.8/Modules/CMakeCCompilerABI.c normal x86_64 c com.apple.compilers.gcc.4_2
    cd /Users/security/mtclient/CMakeFiles/CMakeTmp
    /Developer/usr/bin/gcc-4.2 -x c -arch x86_64 -fmessage-length=0 -pipe -Wno-trigraphs -fpascal-strings -fasm-blocks -O0 -mdynamic-no-pic -DCMAKE_INTDIR="Debug" -isysroot /Developer/SDKs/MacOSX10.6.sdk -mmacosx-version-min=10.6 -gdwarf-2 -Wmost -Wno-four-char-constants -Wno-unknown-pragmas -F/Users/security/mtclient/CMakeFiles/CMakeTmp/Debug -I/Users/security/mtclient/CMakeFiles/CMakeTmp/Debug/include -I/Users/security/mtclient/CMakeFiles/CMakeTmp/CMAKE_TRY_COMPILE.build/Debug/cmTryCompileExec1590943040.build/DerivedSources/x86_64 -I/Users/security/mtclient/CMakeFiles/CMakeTmp/CMAKE_TRY_COMPILE.build/Debug/cmTryCompileExec1590943040.build/DerivedSources -c /Users/security/mtclient/CMakeFiles/CMakeTmp/../../../../../opt/local/share/cmake-2.8/Modules/CMakeCCompilerABI.c -o /Users/security/mtclient/CMakeFiles/CMakeTmp/CMAKE_TRY_COMPILE.build/Debug/cmTryCompileExec1590943040.build/Objects-normal/x86_64/CMakeCCompilerABI.o

Ld Debug/cmTryCompileExec1590943040 normal x86_64
    cd /Users/security/mtclient/CMakeFiles/CMakeTmp
    /Developer/usr/bin/gcc-4.2 -arch x86_64 -isysroot /Developer/SDKs/MacOSX10.6.sdk -L/Users/security/mtclient/CMakeFiles/CMakeTmp/Debug -F/Users/security/mtclient/CMakeFiles/CMakeTmp/Debug -filelist /Users/security/mtclient/CMakeFiles/CMakeTmp/CMAKE_TRY_COMPILE.build/Debug/cmTryCompileExec1590943040.build/Objects-normal/x86_64/cmTryCompileExec1590943040.LinkFileList -mmacosx-version-min=10.6 -v -Wl,-search_paths_first -Wl,-headerpad_max_install_names -o /Users/security/mtclient/CMakeFiles/CMakeTmp/Debug/cmTryCompileExec1590943040

Using built-in specs.
Target: i686-apple-darwin10
Configured with: /var/tmp/gcc/gcc-5666.3~6/src/configure --disable-checking --enable-werror --prefix=/usr --mandir=/share/man --enable-languages=c,objc,c++,obj-c++ --program-transform-name=/^[cg][^.-]*$/s/$/-4.2/ --with-slibdir=/usr/lib --build=i686-apple-darwin10 --program-prefix=i686-apple-darwin10- --host=x86_64-apple-darwin10 --target=i686-apple-darwin10 --with-gxx-include-dir=/include/c++/4.2.1
Thread model: posix
gcc version 4.2.1 (Apple Inc. build 5666) (dot 3)
 /Developer/usr/bin/../libexec/gcc/i686-apple-darwin10/4.2.1/collect2 -dynamic -arch x86_64 -macosx_version_min 10.6 -syslibroot /Developer/SDKs/MacOSX10.6.sdk -weak_reference_mismatches non-weak -o /Users/security/mtclient/CMakeFiles/CMakeTmp/Debug/cmTryCompileExec1590943040 -lcrt1.10.6.o -L/Users/security/mtclient/CMakeFiles/CMakeTmp/Debug -L/Developer/usr/bin/../lib/gcc/i686-apple-darwin10/4.2.1/x86_64 -L/usr/lib/gcc/i686-apple-darwin10/4.2.1/x86_64 -L/usr/lib/gcc/i686-apple-darwin10/4.2.1/x86_64 -L/Developer/SDKs/MacOSX10.6.sdk/usr/lib/i686-apple-darwin10/4.2.1 -L/Developer/SDKs/MacOSX10.6.sdk/usr/lib -L/Developer/usr/bin/../lib/gcc/i686-apple-darwin10/4.2.1 -L/Developer/usr/bin/../lib/gcc -L/usr/lib/gcc/i686-apple-darwin10/4.2.1 -L/usr/lib/gcc/i686-apple-darwin10/4.2.1 -L/Developer/usr/bin/../lib/gcc/i686-apple-darwin10/4.2.1/../../../i686-apple-darwin10/4.2.1 -L/Developer/usr/bin/../lib/gcc/i686-apple-darwin10/4.2.1/../../.. -L/Developer/SDKs/MacOSX10.6.sdk/usr/lib/gcc/i686-apple-darwin10/4.2.1/../../../i686-apple-darwin10/4.2.1 -L/Developer/SDKs/MacOSX10.6.sdk/usr/lib/gcc/i686-apple-darwin10/4.2.1/../../.. -filelist /Users/security/mtclient/CMakeFiles/CMakeTmp/CMAKE_TRY_COMPILE.build/Debug/cmTryCompileExec1590943040.build/Objects-normal/x86_64/cmTryCompileExec1590943040.LinkFileList -search_paths_first -headerpad_max_install_names -lSystem -lgcc -lSystem -F/Users/security/mtclient/CMakeFiles/CMakeTmp/Debug
PhaseScriptExecution "CMake PostBuild Rules" CMAKE_TRY_COMPILE.build/Debug/cmTryCompileExec1590943040.build/Script-10777A4999334C87927C7416.sh
    cd /Users/security/mtclient/CMakeFiles/CMakeTmp
    /bin/sh -c /Users/security/mtclient/CMakeFiles/CMakeTmp/CMAKE_TRY_COMPILE.build/Debug/cmTryCompileExec1590943040.build/Script-10777A4999334C87927C7416.sh

echo "Depend check for xcode"
Depend check for xcode
cd /Users/security/mtclient/CMakeFiles/CMakeTmp && make -C /Users/security/mtclient/CMakeFiles/CMakeTmp -f /Users/security/mtclient/CMakeFiles/CMakeTmp/CMakeScripts/XCODE_DEPEND_HELPER.make PostBuild.cmTryCompileExec1590943040.Debug
make[1]: Nothing to be done for `PostBuild.cmTryCompileExec1590943040.Debug'.
** BUILD SUCCEEDED **



Determining if the CXX compiler works passed with the following output:
Change Dir: /Users/security/mtclient/CMakeFiles/CMakeTmp

Run Build Command:/opt/local/bin/cmakexbuild -project CMAKE_TRY_COMPILE.xcodeproj build -target cmTryCompileExec444614648 -configuration Debug

=== BUILD NATIVE TARGET cmTryCompileExec444614648 OF PROJECT CMAKE_TRY_COMPILE WITH CONFIGURATION Debug ===
Check dependencies
CompileC CMAKE_TRY_COMPILE.build/Debug/cmTryCompileExec444614648.build/Objects-normal/x86_64/testCXXCompiler.o testCXXCompiler.cxx normal x86_64 c++ com.apple.compilers.gcc.4_2
    cd /Users/security/mtclient/CMakeFiles/CMakeTmp
    /Developer/usr/bin/gcc-4.2 -x c++ -arch x86_64 -fmessage-length=0 -pipe -Wno-trigraphs -fpascal-strings -fasm-blocks -O0 -mdynamic-no-pic -DCMAKE_INTDIR="Debug" -isysroot /Developer/SDKs/MacOSX10.6.sdk -mmacosx-version-min=10.6 -Wmost -Wno-four-char-constants -Wno-unknown-pragmas -F/Users/security/mtclient/CMakeFiles/CMakeTmp/Debug -I/Users/security/mtclient/CMakeFiles/CMakeTmp/Debug/include -I/Users/security/mtclient/CMakeFiles/CMakeTmp/CMAKE_TRY_COMPILE.build/Debug/cmTryCompileExec444614648.build/DerivedSources/x86_64 -I/Users/security/mtclient/CMakeFiles/CMakeTmp/CMAKE_TRY_COMPILE.build/Debug/cmTryCompileExec444614648.build/DerivedSources -g -c /Users/security/mtclient/CMakeFiles/CMakeTmp/testCXXCompiler.cxx -o /Users/security/mtclient/CMakeFiles/CMakeTmp/CMAKE_TRY_COMPILE.build/Debug/cmTryCompileExec444614648.build/Objects-normal/x86_64/testCXXCompiler.o

Ld Debug/cmTryCompileExec444614648 normal x86_64
    cd /Users/security/mtclient/CMakeFiles/CMakeTmp
    /Developer/usr/bin/g++-4.2 -arch x86_64 -isysroot /Developer/SDKs/MacOSX10.6.sdk -L/Users/security/mtclient/CMakeFiles/CMakeTmp/Debug -F/Users/security/mtclient/CMakeFiles/CMakeTmp/Debug -filelist /Users/security/mtclient/CMakeFiles/CMakeTmp/CMAKE_TRY_COMPILE.build/Debug/cmTryCompileExec444614648.build/Objects-normal/x86_64/cmTryCompileExec444614648.LinkFileList -mmacosx-version-min=10.6 -Wl,-search_paths_first -Wl,-headerpad_max_install_names -o /Users/security/mtclient/CMakeFiles/CMakeTmp/Debug/cmTryCompileExec444614648

PhaseScriptExecution "CMake PostBuild Rules" CMAKE_TRY_COMPILE.build/Debug/cmTryCompileExec444614648.build/Script-14480D6A6CC9463EB92BD807.sh
    cd /Users/security/mtclient/CMakeFiles/CMakeTmp
    /bin/sh -c /Users/security/mtclient/CMakeFiles/CMakeTmp/CMAKE_TRY_COMPILE.build/Debug/cmTryCompileExec444614648.build/Script-14480D6A6CC9463EB92BD807.sh

echo "Depend check for xcode"
Depend check for xcode
cd /Users/security/mtclient/CMakeFiles/CMakeTmp && make -C /Users/security/mtclient/CMakeFiles/CMakeTmp -f /Users/security/mtclient/CMakeFiles/CMakeTmp/CMakeScripts/XCODE_DEPEND_HELPER.make PostBuild.cmTryCompileExec444614648.Debug
make[1]: Nothing to be done for `PostBuild.cmTryCompileExec444614648.Debug'.
** BUILD SUCCEEDED **



Detecting CXX compiler ABI info compiled with the following output:
Change Dir: /Users/security/mtclient/CMakeFiles/CMakeTmp

Run Build Command:/opt/local/bin/cmakexbuild -project CMAKE_TRY_COMPILE.xcodeproj build -target cmTryCompileExec1165405974 -configuration Debug

=== BUILD NATIVE TARGET cmTryCompileExec1165405974 OF PROJECT CMAKE_TRY_COMPILE WITH CONFIGURATION Debug ===
Check dependencies
CompileC CMAKE_TRY_COMPILE.build/Debug/cmTryCompileExec1165405974.build/Objects-normal/x86_64/CMakeCXXCompilerABI.o ../../../../../opt/local/share/cmake-2.8/Modules/CMakeCXXCompilerABI.cpp normal x86_64 c++ com.apple.compilers.gcc.4_2
    cd /Users/security/mtclient/CMakeFiles/CMakeTmp
    /Developer/usr/bin/gcc-4.2 -x c++ -arch x86_64 -fmessage-length=0 -pipe -Wno-trigraphs -fpascal-strings -fasm-blocks -O0 -mdynamic-no-pic -DCMAKE_INTDIR="Debug" -isysroot /Developer/SDKs/MacOSX10.6.sdk -mmacosx-version-min=10.6 -Wmost -Wno-four-char-constants -Wno-unknown-pragmas -F/Users/security/mtclient/CMakeFiles/CMakeTmp/Debug -I/Users/security/mtclient/CMakeFiles/CMakeTmp/Debug/include -I/Users/security/mtclient/CMakeFiles/CMakeTmp/CMAKE_TRY_COMPILE.build/Debug/cmTryCompileExec1165405974.build/DerivedSources/x86_64 -I/Users/security/mtclient/CMakeFiles/CMakeTmp/CMAKE_TRY_COMPILE.build/Debug/cmTryCompileExec1165405974.build/DerivedSources -g -c /Users/security/mtclient/CMakeFiles/CMakeTmp/../../../../../opt/local/share/cmake-2.8/Modules/CMakeCXXCompilerABI.cpp -o /Users/security/mtclient/CMakeFiles/CMakeTmp/CMAKE_TRY_COMPILE.build/Debug/cmTryCompileExec1165405974.build/Objects-normal/x86_64/CMakeCXXCompilerABI.o

Ld Debug/cmTryCompileExec1165405974 normal x86_64
    cd /Users/security/mtclient/CMakeFiles/CMakeTmp
    /Developer/usr/bin/g++-4.2 -arch x86_64 -isysroot /Developer/SDKs/MacOSX10.6.sdk -L/Users/security/mtclient/CMakeFiles/CMakeTmp/Debug -F/Users/security/mtclient/CMakeFiles/CMakeTmp/Debug -filelist /Users/security/mtclient/CMakeFiles/CMakeTmp/CMAKE_TRY_COMPILE.build/Debug/cmTryCompileExec1165405974.build/Objects-normal/x86_64/cmTryCompileExec1165405974.LinkFileList -mmacosx-version-min=10.6 -v -Wl,-search_paths_first -Wl,-headerpad_max_install_names -o /Users/security/mtclient/CMakeFiles/CMakeTmp/Debug/cmTryCompileExec1165405974

Using built-in specs.
Target: i686-apple-darwin10
Configured with: /var/tmp/gcc/gcc-5666.3~6/src/configure --disable-checking --enable-werror --prefix=/usr --mandir=/share/man --enable-languages=c,objc,c++,obj-c++ --program-transform-name=/^[cg][^.-]*$/s/$/-4.2/ --with-slibdir=/usr/lib --build=i686-apple-darwin10 --program-prefix=i686-apple-darwin10- --host=x86_64-apple-darwin10 --target=i686-apple-darwin10 --with-gxx-include-dir=/include/c++/4.2.1
Thread model: posix
gcc version 4.2.1 (Apple Inc. build 5666) (dot 3)
 /Developer/usr/bin/../libexec/gcc/i686-apple-darwin10/4.2.1/collect2 -dynamic -arch x86_64 -macosx_version_min 10.6 -syslibroot /Developer/SDKs/MacOSX10.6.sdk -weak_reference_mismatches non-weak -o /Users/security/mtclient/CMakeFiles/CMakeTmp/Debug/cmTryCompileExec1165405974 -lcrt1.10.6.o -L/Users/security/mtclient/CMakeFiles/CMakeTmp/Debug -L/Developer/usr/bin/../lib/gcc/i686-apple-darwin10/4.2.1/x86_64 -L/usr/lib/gcc/i686-apple-darwin10/4.2.1/x86_64 -L/usr/lib/gcc/i686-apple-darwin10/4.2.1/x86_64 -L/Developer/SDKs/MacOSX10.6.sdk/usr/lib/i686-apple-darwin10/4.2.1 -L/Developer/SDKs/MacOSX10.6.sdk/usr/lib -L/Developer/usr/bin/../lib/gcc/i686-apple-darwin10/4.2.1 -L/Developer/usr/bin/../lib/gcc -L/usr/lib/gcc/i686-apple-darwin10/4.2.1 -L/usr/lib/gcc/i686-apple-darwin10/4.2.1 -L/Developer/usr/bin/../lib/gcc/i686-apple-darwin10/4.2.1/../../../i686-apple-darwin10/4.2.1 -L/Developer/usr/bin/../lib/gcc/i686-apple-darwin10/4.2.1/../../.. -L/Developer/SDKs/MacOSX10.6.sdk/usr/lib/gcc/i686-apple-darwin10/4.2.1/../../../i686-apple-darwin10/4.2.1 -L/Developer/SDKs/MacOSX10.6.sdk/usr/lib/gcc/i686-apple-darwin10/4.2.1/../../.. -filelist /Users/security/mtclient/CMakeFiles/CMakeTmp/CMAKE_TRY_COMPILE.build/Debug/cmTryCompileExec1165405974.build/Objects-normal/x86_64/cmTryCompileExec1165405974.LinkFileList -search_paths_first -headerpad_max_install_names -lstdc++ -lSystem -lgcc -lSystem -F/Users/security/mtclient/CMakeFiles/CMakeTmp/Debug
PhaseScriptExecution "CMake PostBuild Rules" CMAKE_TRY_COMPILE.build/Debug/cmTryCompileExec1165405974.build/Script-4894A4151EE24BA6B7B7BFDE.sh
    cd /Users/security/mtclient/CMakeFiles/CMakeTmp
    /bin/sh -c /Users/security/mtclient/CMakeFiles/CMakeTmp/CMAKE_TRY_COMPILE.build/Debug/cmTryCompileExec1165405974.build/Script-4894A4151EE24BA6B7B7BFDE.sh

echo "Depend check for xcode"
Depend check for xcode
cd /Users/security/mtclient/CMakeFiles/CMakeTmp && make -C /Users/security/mtclient/CMakeFiles/CMakeTmp -f /Users/security/mtclient/CMakeFiles/CMakeTmp/CMakeScripts/XCODE_DEPEND_HELPER.make PostBuild.cmTryCompileExec1165405974.Debug
make[1]: Nothing to be done for `PostBuild.cmTryCompileExec1165405974.Debug'.
** BUILD SUCCEEDED **



Determining if the function XOpenDisplay exists in the /opt/local/lib/libX11.dylib;/opt/local/lib/libXext.dylib passed with the following output:
Change Dir: /Users/security/mtclient/CMakeFiles/CMakeTmp

Run Build Command:/opt/local/bin/cmakexbuild -project CMAKE_TRY_COMPILE.xcodeproj build -target cmTryCompileExec2500314000 -configuration Debug

=== BUILD NATIVE TARGET cmTryCompileExec2500314000 OF PROJECT CMAKE_TRY_COMPILE WITH CONFIGURATION Debug ===
Check dependencies
CompileC CMAKE_TRY_COMPILE.build/Debug/cmTryCompileExec2500314000.build/Objects-normal/x86_64/CheckFunctionExists.o ../../../../../opt/local/share/cmake-2.8/Modules/CheckFunctionExists.c normal x86_64 c com.apple.compilers.gcc.4_2
    cd /Users/security/mtclient/CMakeFiles/CMakeTmp
    /Developer/usr/bin/gcc-4.2 -x c -arch x86_64 -fmessage-length=0 -pipe -Wno-trigraphs -fpascal-strings -fasm-blocks -O0 -mdynamic-no-pic -DCMAKE_INTDIR="Debug" -isysroot /Developer/SDKs/MacOSX10.6.sdk -mmacosx-version-min=10.6 -gdwarf-2 -Wmost -Wno-four-char-constants -Wno-unknown-pragmas -F/Users/security/mtclient/CMakeFiles/CMakeTmp/Debug -I/Users/security/mtclient/CMakeFiles/CMakeTmp/Debug/include -I/Users/security/mtclient/CMakeFiles/CMakeTmp/CMAKE_TRY_COMPILE.build/Debug/cmTryCompileExec2500314000.build/DerivedSources/x86_64 -I/Users/security/mtclient/CMakeFiles/CMakeTmp/CMAKE_TRY_COMPILE.build/Debug/cmTryCompileExec2500314000.build/DerivedSources -DCHECK_FUNCTION_EXISTS=XOpenDisplay -c /Users/security/mtclient/CMakeFiles/CMakeTmp/../../../../../opt/local/share/cmake-2.8/Modules/CheckFunctionExists.c -o /Users/security/mtclient/CMakeFiles/CMakeTmp/CMAKE_TRY_COMPILE.build/Debug/cmTryCompileExec2500314000.build/Objects-normal/x86_64/CheckFunctionExists.o

Ld Debug/cmTryCompileExec2500314000 normal x86_64
    cd /Users/security/mtclient/CMakeFiles/CMakeTmp
    /Developer/usr/bin/gcc-4.2 -arch x86_64 -isysroot /Developer/SDKs/MacOSX10.6.sdk -L/Users/security/mtclient/CMakeFiles/CMakeTmp/Debug -L/opt/local/lib/Debug -L/opt/local/lib -F/Users/security/mtclient/CMakeFiles/CMakeTmp/Debug -filelist /Users/security/mtclient/CMakeFiles/CMakeTmp/CMAKE_TRY_COMPILE.build/Debug/cmTryCompileExec2500314000.build/Objects-normal/x86_64/cmTryCompileExec2500314000.LinkFileList -mmacosx-version-min=10.6 -Wl,-search_paths_first -Wl,-headerpad_max_install_names /opt/local/lib/libX11.dylib /opt/local/lib/libXext.dylib -o /Users/security/mtclient/CMakeFiles/CMakeTmp/Debug/cmTryCompileExec2500314000

ld: warning: directory '/opt/local/lib/Debug' following -L not found
PhaseScriptExecution "CMake PostBuild Rules" CMAKE_TRY_COMPILE.build/Debug/cmTryCompileExec2500314000.build/Script-D3F8F0CF7DD842B5A5483B28.sh
    cd /Users/security/mtclient/CMakeFiles/CMakeTmp
    /bin/sh -c /Users/security/mtclient/CMakeFiles/CMakeTmp/CMAKE_TRY_COMPILE.build/Debug/cmTryCompileExec2500314000.build/Script-D3F8F0CF7DD842B5A5483B28.sh

echo "Depend check for xcode"
Depend check for xcode
cd /Users/security/mtclient/CMakeFiles/CMakeTmp && make -C /Users/security/mtclient/CMakeFiles/CMakeTmp -f /Users/security/mtclient/CMakeFiles/CMakeTmp/CMakeScripts/XCODE_DEPEND_HELPER.make PostBuild.cmTryCompileExec2500314000.Debug
make[1]: Nothing to be done for `PostBuild.cmTryCompileExec2500314000.Debug'.
** BUILD SUCCEEDED **



Determining if the function gethostbyname exists passed with the following output:
Change Dir: /Users/security/mtclient/CMakeFiles/CMakeTmp

Run Build Command:/opt/local/bin/cmakexbuild -project CMAKE_TRY_COMPILE.xcodeproj build -target cmTryCompileExec4274750705 -configuration Debug

=== BUILD NATIVE TARGET cmTryCompileExec4274750705 OF PROJECT CMAKE_TRY_COMPILE WITH CONFIGURATION Debug ===
Check dependencies
CompileC CMAKE_TRY_COMPILE.build/Debug/cmTryCompileExec4274750705.build/Objects-normal/x86_64/CheckFunctionExists.o ../../../../../opt/local/share/cmake-2.8/Modules/CheckFunctionExists.c normal x86_64 c com.apple.compilers.gcc.4_2
    cd /Users/security/mtclient/CMakeFiles/CMakeTmp
    /Developer/usr/bin/gcc-4.2 -x c -arch x86_64 -fmessage-length=0 -pipe -Wno-trigraphs -fpascal-strings -fasm-blocks -O0 -mdynamic-no-pic -DCMAKE_INTDIR="Debug" -isysroot /Developer/SDKs/MacOSX10.6.sdk -mmacosx-version-min=10.6 -gdwarf-2 -Wmost -Wno-four-char-constants -Wno-unknown-pragmas -F/Users/security/mtclient/CMakeFiles/CMakeTmp/Debug -I/Users/security/mtclient/CMakeFiles/CMakeTmp/Debug/include -I/Users/security/mtclient/CMakeFiles/CMakeTmp/CMAKE_TRY_COMPILE.build/Debug/cmTryCompileExec4274750705.build/DerivedSources/x86_64 -I/Users/security/mtclient/CMakeFiles/CMakeTmp/CMAKE_TRY_COMPILE.build/Debug/cmTryCompileExec4274750705.build/DerivedSources -DCHECK_FUNCTION_EXISTS=gethostbyname -c /Users/security/mtclient/CMakeFiles/CMakeTmp/../../../../../opt/local/share/cmake-2.8/Modules/CheckFunctionExists.c -o /Users/security/mtclient/CMakeFiles/CMakeTmp/CMAKE_TRY_COMPILE.build/Debug/cmTryCompileExec4274750705.build/Objects-normal/x86_64/CheckFunctionExists.o

Ld Debug/cmTryCompileExec4274750705 normal x86_64
    cd /Users/security/mtclient/CMakeFiles/CMakeTmp
    /Developer/usr/bin/gcc-4.2 -arch x86_64 -isysroot /Developer/SDKs/MacOSX10.6.sdk -L/Users/security/mtclient/CMakeFiles/CMakeTmp/Debug -F/Users/security/mtclient/CMakeFiles/CMakeTmp/Debug -filelist /Users/security/mtclient/CMakeFiles/CMakeTmp/CMAKE_TRY_COMPILE.build/Debug/cmTryCompileExec4274750705.build/Objects-normal/x86_64/cmTryCompileExec4274750705.LinkFileList -mmacosx-version-min=10.6 -Wl,-search_paths_first -Wl,-headerpad_max_install_names -o /Users/security/mtclient/CMakeFiles/CMakeTmp/Debug/cmTryCompileExec4274750705

PhaseScriptExecution "CMake PostBuild Rules" CMAKE_TRY_COMPILE.build/Debug/cmTryCompileExec4274750705.build/Script-07D799371ADB4D5788500A0B.sh
    cd /Users/security/mtclient/CMakeFiles/CMakeTmp
    /bin/sh -c /Users/security/mtclient/CMakeFiles/CMakeTmp/CMAKE_TRY_COMPILE.build/Debug/cmTryCompileExec4274750705.build/Script-07D799371ADB4D5788500A0B.sh

echo "Depend check for xcode"
Depend check for xcode
cd /Users/security/mtclient/CMakeFiles/CMakeTmp && make -C /Users/security/mtclient/CMakeFiles/CMakeTmp -f /Users/security/mtclient/CMakeFiles/CMakeTmp/CMakeScripts/XCODE_DEPEND_HELPER.make PostBuild.cmTryCompileExec4274750705.Debug
make[1]: Nothing to be done for `PostBuild.cmTryCompileExec4274750705.Debug'.
** BUILD SUCCEEDED **



Determining if the function connect exists passed with the following output:
Change Dir: /Users/security/mtclient/CMakeFiles/CMakeTmp

Run Build Command:/opt/local/bin/cmakexbuild -project CMAKE_TRY_COMPILE.xcodeproj build -target cmTryCompileExec2302500109 -configuration Debug

=== BUILD NATIVE TARGET cmTryCompileExec2302500109 OF PROJECT CMAKE_TRY_COMPILE WITH CONFIGURATION Debug ===
Check dependencies
CompileC CMAKE_TRY_COMPILE.build/Debug/cmTryCompileExec2302500109.build/Objects-normal/x86_64/CheckFunctionExists.o ../../../../../opt/local/share/cmake-2.8/Modules/CheckFunctionExists.c normal x86_64 c com.apple.compilers.gcc.4_2
    cd /Users/security/mtclient/CMakeFiles/CMakeTmp
    /Developer/usr/bin/gcc-4.2 -x c -arch x86_64 -fmessage-length=0 -pipe -Wno-trigraphs -fpascal-strings -fasm-blocks -O0 -mdynamic-no-pic -DCMAKE_INTDIR="Debug" -isysroot /Developer/SDKs/MacOSX10.6.sdk -mmacosx-version-min=10.6 -gdwarf-2 -Wmost -Wno-four-char-constants -Wno-unknown-pragmas -F/Users/security/mtclient/CMakeFiles/CMakeTmp/Debug -I/Users/security/mtclient/CMakeFiles/CMakeTmp/Debug/include -I/Users/security/mtclient/CMakeFiles/CMakeTmp/CMAKE_TRY_COMPILE.build/Debug/cmTryCompileExec2302500109.build/DerivedSources/x86_64 -I/Users/security/mtclient/CMakeFiles/CMakeTmp/CMAKE_TRY_COMPILE.build/Debug/cmTryCompileExec2302500109.build/DerivedSources -DCHECK_FUNCTION_EXISTS=connect -c /Users/security/mtclient/CMakeFiles/CMakeTmp/../../../../../opt/local/share/cmake-2.8/Modules/CheckFunctionExists.c -o /Users/security/mtclient/CMakeFiles/CMakeTmp/CMAKE_TRY_COMPILE.build/Debug/cmTryCompileExec2302500109.build/Objects-normal/x86_64/CheckFunctionExists.o

Ld Debug/cmTryCompileExec2302500109 normal x86_64
    cd /Users/security/mtclient/CMakeFiles/CMakeTmp
    /Developer/usr/bin/gcc-4.2 -arch x86_64 -isysroot /Developer/SDKs/MacOSX10.6.sdk -L/Users/security/mtclient/CMakeFiles/CMakeTmp/Debug -F/Users/security/mtclient/CMakeFiles/CMakeTmp/Debug -filelist /Users/security/mtclient/CMakeFiles/CMakeTmp/CMAKE_TRY_COMPILE.build/Debug/cmTryCompileExec2302500109.build/Objects-normal/x86_64/cmTryCompileExec2302500109.LinkFileList -mmacosx-version-min=10.6 -Wl,-search_paths_first -Wl,-headerpad_max_install_names -o /Users/security/mtclient/CMakeFiles/CMakeTmp/Debug/cmTryCompileExec2302500109

PhaseScriptExecution "CMake PostBuild Rules" CMAKE_TRY_COMPILE.build/Debug/cmTryCompileExec2302500109.build/Script-3A900DF5446B43DCA2375C42.sh
    cd /Users/security/mtclient/CMakeFiles/CMakeTmp
    /bin/sh -c /Users/security/mtclient/CMakeFiles/CMakeTmp/CMAKE_TRY_COMPILE.build/Debug/cmTryCompileExec2302500109.build/Script-3A900DF5446B43DCA2375C42.sh

echo "Depend check for xcode"
Depend check for xcode
cd /Users/security/mtclient/CMakeFiles/CMakeTmp && make -C /Users/security/mtclient/CMakeFiles/CMakeTmp -f /Users/security/mtclient/CMakeFiles/CMakeTmp/CMakeScripts/XCODE_DEPEND_HELPER.make PostBuild.cmTryCompileExec2302500109.Debug
make[1]: Nothing to be done for `PostBuild.cmTryCompileExec2302500109.Debug'.
** BUILD SUCCEEDED **



Determining if the function remove exists passed with the following output:
Change Dir: /Users/security/mtclient/CMakeFiles/CMakeTmp

Run Build Command:/opt/local/bin/cmakexbuild -project CMAKE_TRY_COMPILE.xcodeproj build -target cmTryCompileExec16463453 -configuration Debug

=== BUILD NATIVE TARGET cmTryCompileExec16463453 OF PROJECT CMAKE_TRY_COMPILE WITH CONFIGURATION Debug ===
Check dependencies
CompileC CMAKE_TRY_COMPILE.build/Debug/cmTryCompileExec16463453.build/Objects-normal/x86_64/CheckFunctionExists.o ../../../../../opt/local/share/cmake-2.8/Modules/CheckFunctionExists.c normal x86_64 c com.apple.compilers.gcc.4_2
    cd /Users/security/mtclient/CMakeFiles/CMakeTmp
    /Developer/usr/bin/gcc-4.2 -x c -arch x86_64 -fmessage-length=0 -pipe -Wno-trigraphs -fpascal-strings -fasm-blocks -O0 -mdynamic-no-pic -DCMAKE_INTDIR="Debug" -isysroot /Developer/SDKs/MacOSX10.6.sdk -mmacosx-version-min=10.6 -gdwarf-2 -Wmost -Wno-four-char-constants -Wno-unknown-pragmas -F/Users/security/mtclient/CMakeFiles/CMakeTmp/Debug -I/Users/security/mtclient/CMakeFiles/CMakeTmp/Debug/include -I/Users/security/mtclient/CMakeFiles/CMakeTmp/CMAKE_TRY_COMPILE.build/Debug/cmTryCompileExec16463453.build/DerivedSources/x86_64 -I/Users/security/mtclient/CMakeFiles/CMakeTmp/CMAKE_TRY_COMPILE.build/Debug/cmTryCompileExec16463453.build/DerivedSources -DCHECK_FUNCTION_EXISTS=remove -c /Users/security/mtclient/CMakeFiles/CMakeTmp/../../../../../opt/local/share/cmake-2.8/Modules/CheckFunctionExists.c -o /Users/security/mtclient/CMakeFiles/CMakeTmp/CMAKE_TRY_COMPILE.build/Debug/cmTryCompileExec16463453.build/Objects-normal/x86_64/CheckFunctionExists.o

Ld Debug/cmTryCompileExec16463453 normal x86_64
    cd /Users/security/mtclient/CMakeFiles/CMakeTmp
    /Developer/usr/bin/gcc-4.2 -arch x86_64 -isysroot /Developer/SDKs/MacOSX10.6.sdk -L/Users/security/mtclient/CMakeFiles/CMakeTmp/Debug -F/Users/security/mtclient/CMakeFiles/CMakeTmp/Debug -filelist /Users/security/mtclient/CMakeFiles/CMakeTmp/CMAKE_TRY_COMPILE.build/Debug/cmTryCompileExec16463453.build/Objects-normal/x86_64/cmTryCompileExec16463453.LinkFileList -mmacosx-version-min=10.6 -Wl,-search_paths_first -Wl,-headerpad_max_install_names -o /Users/security/mtclient/CMakeFiles/CMakeTmp/Debug/cmTryCompileExec16463453

PhaseScriptExecution "CMake PostBuild Rules" CMAKE_TRY_COMPILE.build/Debug/cmTryCompileExec16463453.build/Script-3E6B926466D24DB4A9CF3383.sh
    cd /Users/security/mtclient/CMakeFiles/CMakeTmp
    /bin/sh -c /Users/security/mtclient/CMakeFiles/CMakeTmp/CMAKE_TRY_COMPILE.build/Debug/cmTryCompileExec16463453.build/Script-3E6B926466D24DB4A9CF3383.sh

echo "Depend check for xcode"
Depend check for xcode
cd /Users/security/mtclient/CMakeFiles/CMakeTmp && make -C /Users/security/mtclient/CMakeFiles/CMakeTmp -f /Users/security/mtclient/CMakeFiles/CMakeTmp/CMakeScripts/XCODE_DEPEND_HELPER.make PostBuild.cmTryCompileExec16463453.Debug
make[1]: Nothing to be done for `PostBuild.cmTryCompileExec16463453.Debug'.
** BUILD SUCCEEDED **



Determining if the function shmat exists passed with the following output:
Change Dir: /Users/security/mtclient/CMakeFiles/CMakeTmp

Run Build Command:/opt/local/bin/cmakexbuild -project CMAKE_TRY_COMPILE.xcodeproj build -target cmTryCompileExec3968290095 -configuration Debug

=== BUILD NATIVE TARGET cmTryCompileExec3968290095 OF PROJECT CMAKE_TRY_COMPILE WITH CONFIGURATION Debug ===
Check dependencies
CompileC CMAKE_TRY_COMPILE.build/Debug/cmTryCompileExec3968290095.build/Objects-normal/x86_64/CheckFunctionExists.o ../../../../../opt/local/share/cmake-2.8/Modules/CheckFunctionExists.c normal x86_64 c com.apple.compilers.gcc.4_2
    cd /Users/security/mtclient/CMakeFiles/CMakeTmp
    /Developer/usr/bin/gcc-4.2 -x c -arch x86_64 -fmessage-length=0 -pipe -Wno-trigraphs -fpascal-strings -fasm-blocks -O0 -mdynamic-no-pic -DCMAKE_INTDIR="Debug" -isysroot /Developer/SDKs/MacOSX10.6.sdk -mmacosx-version-min=10.6 -gdwarf-2 -Wmost -Wno-four-char-constants -Wno-unknown-pragmas -F/Users/security/mtclient/CMakeFiles/CMakeTmp/Debug -I/Users/security/mtclient/CMakeFiles/CMakeTmp/Debug/include -I/Users/security/mtclient/CMakeFiles/CMakeTmp/CMAKE_TRY_COMPILE.build/Debug/cmTryCompileExec3968290095.build/DerivedSources/x86_64 -I/Users/security/mtclient/CMakeFiles/CMakeTmp/CMAKE_TRY_COMPILE.build/Debug/cmTryCompileExec3968290095.build/DerivedSources -DCHECK_FUNCTION_EXISTS=shmat -c /Users/security/mtclient/CMakeFiles/CMakeTmp/../../../../../opt/local/share/cmake-2.8/Modules/CheckFunctionExists.c -o /Users/security/mtclient/CMakeFiles/CMakeTmp/CMAKE_TRY_COMPILE.build/Debug/cmTryCompileExec3968290095.build/Objects-normal/x86_64/CheckFunctionExists.o

Ld Debug/cmTryCompileExec3968290095 normal x86_64
    cd /Users/security/mtclient/CMakeFiles/CMakeTmp
    /Developer/usr/bin/gcc-4.2 -arch x86_64 -isysroot /Developer/SDKs/MacOSX10.6.sdk -L/Users/security/mtclient/CMakeFiles/CMakeTmp/Debug -F/Users/security/mtclient/CMakeFiles/CMakeTmp/Debug -filelist /Users/security/mtclient/CMakeFiles/CMakeTmp/CMAKE_TRY_COMPILE.build/Debug/cmTryCompileExec3968290095.build/Objects-normal/x86_64/cmTryCompileExec3968290095.LinkFileList -mmacosx-version-min=10.6 -Wl,-search_paths_first -Wl,-headerpad_max_install_names -o /Users/security/mtclient/CMakeFiles/CMakeTmp/Debug/cmTryCompileExec3968290095

PhaseScriptExecution "CMake PostBuild Rules" CMAKE_TRY_COMPILE.build/Debug/cmTryCompileExec3968290095.build/Script-C129D08E8AED4DCBA14AA7C3.sh
    cd /Users/security/mtclient/CMakeFiles/CMakeTmp
    /bin/sh -c /Users/security/mtclient/CMakeFiles/CMakeTmp/CMAKE_TRY_COMPILE.build/Debug/cmTryCompileExec3968290095.build/Script-C129D08E8AED4DCBA14AA7C3.sh

echo "Depend check for xcode"
Depend check for xcode
cd /Users/security/mtclient/CMakeFiles/CMakeTmp && make -C /Users/security/mtclient/CMakeFiles/CMakeTmp -f /Users/security/mtclient/CMakeFiles/CMakeTmp/CMakeScripts/XCODE_DEPEND_HELPER.make PostBuild.cmTryCompileExec3968290095.Debug
make[1]: Nothing to be done for `PostBuild.cmTryCompileExec3968290095.Debug'.
** BUILD SUCCEEDED **



Determining if the function IceConnectionNumber exists in the ICE passed with the following output:
Change Dir: /Users/security/mtclient/CMakeFiles/CMakeTmp

Run Build Command:/opt/local/bin/cmakexbuild -project CMAKE_TRY_COMPILE.xcodeproj build -target cmTryCompileExec669918415 -configuration Debug

=== BUILD NATIVE TARGET cmTryCompileExec669918415 OF PROJECT CMAKE_TRY_COMPILE WITH CONFIGURATION Debug ===
Check dependencies
CompileC CMAKE_TRY_COMPILE.build/Debug/cmTryCompileExec669918415.build/Objects-normal/x86_64/CheckFunctionExists.o ../../../../../opt/local/share/cmake-2.8/Modules/CheckFunctionExists.c normal x86_64 c com.apple.compilers.gcc.4_2
    cd /Users/security/mtclient/CMakeFiles/CMakeTmp
    /Developer/usr/bin/gcc-4.2 -x c -arch x86_64 -fmessage-length=0 -pipe -Wno-trigraphs -fpascal-strings -fasm-blocks -O0 -mdynamic-no-pic -DCMAKE_INTDIR="Debug" -isysroot /Developer/SDKs/MacOSX10.6.sdk -mmacosx-version-min=10.6 -gdwarf-2 -Wmost -Wno-four-char-constants -Wno-unknown-pragmas -F/Users/security/mtclient/CMakeFiles/CMakeTmp/Debug -I/Users/security/mtclient/CMakeFiles/CMakeTmp/Debug/include -I/Users/security/mtclient/CMakeFiles/CMakeTmp/CMAKE_TRY_COMPILE.build/Debug/cmTryCompileExec669918415.build/DerivedSources/x86_64 -I/Users/security/mtclient/CMakeFiles/CMakeTmp/CMAKE_TRY_COMPILE.build/Debug/cmTryCompileExec669918415.build/DerivedSources -DCHECK_FUNCTION_EXISTS=IceConnectionNumber -c /Users/security/mtclient/CMakeFiles/CMakeTmp/../../../../../opt/local/share/cmake-2.8/Modules/CheckFunctionExists.c -o /Users/security/mtclient/CMakeFiles/CMakeTmp/CMAKE_TRY_COMPILE.build/Debug/cmTryCompileExec669918415.build/Objects-normal/x86_64/CheckFunctionExists.o

Ld Debug/cmTryCompileExec669918415 normal x86_64
    cd /Users/security/mtclient/CMakeFiles/CMakeTmp
    /Developer/usr/bin/gcc-4.2 -arch x86_64 -isysroot /Developer/SDKs/MacOSX10.6.sdk -L/Users/security/mtclient/CMakeFiles/CMakeTmp/Debug -L/opt/local/lib/Debug -L/opt/local/lib -F/Users/security/mtclient/CMakeFiles/CMakeTmp/Debug -filelist /Users/security/mtclient/CMakeFiles/CMakeTmp/CMAKE_TRY_COMPILE.build/Debug/cmTryCompileExec669918415.build/Objects-normal/x86_64/cmTryCompileExec669918415.LinkFileList -mmacosx-version-min=10.6 -Wl,-search_paths_first -Wl,-headerpad_max_install_names -lICE -o /Users/security/mtclient/CMakeFiles/CMakeTmp/Debug/cmTryCompileExec669918415

ld: warning: directory '/opt/local/lib/Debug' following -L not found
PhaseScriptExecution "CMake PostBuild Rules" CMAKE_TRY_COMPILE.build/Debug/cmTryCompileExec669918415.build/Script-0248C6B71E1E4B3593D598E1.sh
    cd /Users/security/mtclient/CMakeFiles/CMakeTmp
    /bin/sh -c /Users/security/mtclient/CMakeFiles/CMakeTmp/CMAKE_TRY_COMPILE.build/Debug/cmTryCompileExec669918415.build/Script-0248C6B71E1E4B3593D598E1.sh

echo "Depend check for xcode"
Depend check for xcode
cd /Users/security/mtclient/CMakeFiles/CMakeTmp && make -C /Users/security/mtclient/CMakeFiles/CMakeTmp -f /Users/security/mtclient/CMakeFiles/CMakeTmp/CMakeScripts/XCODE_DEPEND_HELPER.make PostBuild.cmTryCompileExec669918415.Debug
make[1]: Nothing to be done for `PostBuild.cmTryCompileExec669918415.Debug'.
** BUILD SUCCEEDED **



Determining if the function BZ2_bzCompressInit exists in the /usr/lib/libbz2.dylib passed with the following output:
Change Dir: /Users/security/mtclient/CMakeFiles/CMakeTmp

Run Build Command:/opt/local/bin/cmakexbuild -project CMAKE_TRY_COMPILE.xcodeproj build -target cmTryCompileExec2240876569 -configuration Debug

=== BUILD NATIVE TARGET cmTryCompileExec2240876569 OF PROJECT CMAKE_TRY_COMPILE WITH CONFIGURATION Debug ===
Check dependencies
CompileC CMAKE_TRY_COMPILE.build/Debug/cmTryCompileExec2240876569.build/Objects-normal/x86_64/CheckFunctionExists.o ../../../../../opt/local/share/cmake-2.8/Modules/CheckFunctionExists.c normal x86_64 c com.apple.compilers.gcc.4_2
    cd /Users/security/mtclient/CMakeFiles/CMakeTmp
    /Developer/usr/bin/gcc-4.2 -x c -arch x86_64 -fmessage-length=0 -pipe -Wno-trigraphs -fpascal-strings -fasm-blocks -O0 -mdynamic-no-pic -DCMAKE_INTDIR="Debug" -isysroot /Developer/SDKs/MacOSX10.6.sdk -mmacosx-version-min=10.6 -gdwarf-2 -Wmost -Wno-four-char-constants -Wno-unknown-pragmas -F/Users/security/mtclient/CMakeFiles/CMakeTmp/Debug -I/Users/security/mtclient/CMakeFiles/CMakeTmp/Debug/include -I/Users/security/mtclient/CMakeFiles/CMakeTmp/CMAKE_TRY_COMPILE.build/Debug/cmTryCompileExec2240876569.build/DerivedSources/x86_64 -I/Users/security/mtclient/CMakeFiles/CMakeTmp/CMAKE_TRY_COMPILE.build/Debug/cmTryCompileExec2240876569.build/DerivedSources -DCHECK_FUNCTION_EXISTS=BZ2_bzCompressInit -c /Users/security/mtclient/CMakeFiles/CMakeTmp/../../../../../opt/local/share/cmake-2.8/Modules/CheckFunctionExists.c -o /Users/security/mtclient/CMakeFiles/CMakeTmp/CMAKE_TRY_COMPILE.build/Debug/cmTryCompileExec2240876569.build/Objects-normal/x86_64/CheckFunctionExists.o

Ld Debug/cmTryCompileExec2240876569 normal x86_64
    cd /Users/security/mtclient/CMakeFiles/CMakeTmp
    /Developer/usr/bin/gcc-4.2 -arch x86_64 -isysroot /Developer/SDKs/MacOSX10.6.sdk -L/Users/security/mtclient/CMakeFiles/CMakeTmp/Debug -F/Users/security/mtclient/CMakeFiles/CMakeTmp/Debug -filelist /Users/security/mtclient/CMakeFiles/CMakeTmp/CMAKE_TRY_COMPILE.build/Debug/cmTryCompileExec2240876569.build/Objects-normal/x86_64/cmTryCompileExec2240876569.LinkFileList -mmacosx-version-min=10.6 -Wl,-search_paths_first -Wl,-headerpad_max_install_names /usr/lib/libbz2.dylib -o /Users/security/mtclient/CMakeFiles/CMakeTmp/Debug/cmTryCompileExec2240876569

PhaseScriptExecution "CMake PostBuild Rules" CMAKE_TRY_COMPILE.build/Debug/cmTryCompileExec2240876569.build/Script-4782280C74CA4C2EB0BE5562.sh
    cd /Users/security/mtclient/CMakeFiles/CMakeTmp
    /bin/sh -c /Users/security/mtclient/CMakeFiles/CMakeTmp/CMAKE_TRY_COMPILE.build/Debug/cmTryCompileExec2240876569.build/Script-4782280C74CA4C2EB0BE5562.sh

echo "Depend check for xcode"
Depend check for xcode
cd /Users/security/mtclient/CMakeFiles/CMakeTmp && make -C /Users/security/mtclient/CMakeFiles/CMakeTmp -f /Users/security/mtclient/CMakeFiles/CMakeTmp/CMakeScripts/XCODE_DEPEND_HELPER.make PostBuild.cmTryCompileExec2240876569.Debug
make[1]: Nothing to be done for `PostBuild.cmTryCompileExec2240876569.Debug'.
** BUILD SUCCEEDED **



